<?xml version="1.0" encoding="UTF-8"?>
<!-- Generated by org.testng.reporters.JUnitReportReporter -->
<testsuite skipped="0" hostname="T440p" name="com.qaprosoft.carina.demo.ProposalSubmissionTest" tests="125" failures="0" timestamp="21 Jan 2020 11:43:47 GMT" time="3821.188" errors="0">
  <testcase name="Proposal_Submission" time="26.364" classname="com.qaprosoft.carina.demo.ProposalSubmissionTest"/>
  <testcase name="Proposal_Submission" time="22.670" classname="com.qaprosoft.carina.demo.ProposalSubmissionTest"/>
  <testcase name="Proposal_Submission" time="16.656" classname="com.qaprosoft.carina.demo.ProposalSubmissionTest"/>
  <testcase name="Proposal_Submission" time="62.847" classname="com.qaprosoft.carina.demo.ProposalSubmissionTest"/>
  <testcase name="Proposal_Submission" time="76.564" classname="com.qaprosoft.carina.demo.ProposalSubmissionTest"/>
  <testcase name="Proposal_Submission" time="72.290" classname="com.qaprosoft.carina.demo.ProposalSubmissionTest"/>
  <testcase name="Proposal_Submission" time="7.555" classname="com.qaprosoft.carina.demo.ProposalSubmissionTest"/>
  <testcase name="Proposal_Submission" time="5.175" classname="com.qaprosoft.carina.demo.ProposalSubmissionTest"/>
  <testcase name="Proposal_Submission" time="67.708" classname="com.qaprosoft.carina.demo.ProposalSubmissionTest"/>
  <testcase name="Proposal_Submission" time="31.727" classname="com.qaprosoft.carina.demo.ProposalSubmissionTest"/>
  <testcase name="Proposal_Submission" time="11.029" classname="com.qaprosoft.carina.demo.ProposalSubmissionTest"/>
  <testcase name="Proposal_Submission" time="65.810" classname="com.qaprosoft.carina.demo.ProposalSubmissionTest"/>
  <testcase name="Proposal_Submission" time="24.987" classname="com.qaprosoft.carina.demo.ProposalSubmissionTest"/>
  <testcase name="Proposal_Submission" time="21.588" classname="com.qaprosoft.carina.demo.ProposalSubmissionTest"/>
  <testcase name="Proposal_Submission" time="71.785" classname="com.qaprosoft.carina.demo.ProposalSubmissionTest"/>
  <testcase name="Proposal_Submission" time="0.605" classname="com.qaprosoft.carina.demo.ProposalSubmissionTest"/>
  <testcase name="Proposal_Submission" time="4.339" classname="com.qaprosoft.carina.demo.ProposalSubmissionTest"/>
  <testcase name="Proposal_Submission" time="62.167" classname="com.qaprosoft.carina.demo.ProposalSubmissionTest"/>
  <testcase name="Proposal_Submission" time="16.389" classname="com.qaprosoft.carina.demo.ProposalSubmissionTest"/>
  <testcase name="Proposal_Submission" time="70.396" classname="com.qaprosoft.carina.demo.ProposalSubmissionTest"/>
  <testcase name="Proposal_Submission" time="65.570" classname="com.qaprosoft.carina.demo.ProposalSubmissionTest"/>
  <testcase name="Proposal_Submission" time="25.881" classname="com.qaprosoft.carina.demo.ProposalSubmissionTest"/>
  <testcase name="Proposal_Submission" time="1.816" classname="com.qaprosoft.carina.demo.ProposalSubmissionTest"/>
  <testcase name="Proposal_Submission" time="8.647" classname="com.qaprosoft.carina.demo.ProposalSubmissionTest"/>
  <testcase name="Proposal_Submission" time="75.503" classname="com.qaprosoft.carina.demo.ProposalSubmissionTest"/>
  <testcase name="Proposal_Submission" time="116.482" classname="com.qaprosoft.carina.demo.ProposalSubmissionTest"/>
  <testcase name="Proposal_Submission" time="70.350" classname="com.qaprosoft.carina.demo.ProposalSubmissionTest"/>
  <testcase name="Proposal_Submission" time="75.045" classname="com.qaprosoft.carina.demo.ProposalSubmissionTest"/>
  <testcase name="Proposal_Submission" time="22.955" classname="com.qaprosoft.carina.demo.ProposalSubmissionTest"/>
  <testcase name="Proposal_Submission" time="16.265" classname="com.qaprosoft.carina.demo.ProposalSubmissionTest"/>
  <testcase name="Proposal_Submission" time="25.079" classname="com.qaprosoft.carina.demo.ProposalSubmissionTest"/>
  <testcase name="Proposal_Submission" time="1.215" classname="com.qaprosoft.carina.demo.ProposalSubmissionTest"/>
  <testcase name="Proposal_Submission" time="10.469" classname="com.qaprosoft.carina.demo.ProposalSubmissionTest"/>
  <testcase name="Proposal_Submission" time="64.523" classname="com.qaprosoft.carina.demo.ProposalSubmissionTest"/>
  <testcase name="Proposal_Submission" time="16.157" classname="com.qaprosoft.carina.demo.ProposalSubmissionTest"/>
  <testcase name="Proposal_Submission" time="3.893" classname="com.qaprosoft.carina.demo.ProposalSubmissionTest"/>
  <testcase name="Proposal_Submission" time="64.713" classname="com.qaprosoft.carina.demo.ProposalSubmissionTest"/>
  <testcase name="Proposal_Submission" time="18.672" classname="com.qaprosoft.carina.demo.ProposalSubmissionTest"/>
  <testcase name="Proposal_Submission" time="1.297" classname="com.qaprosoft.carina.demo.ProposalSubmissionTest"/>
  <testcase name="Proposal_Submission" time="70.561" classname="com.qaprosoft.carina.demo.ProposalSubmissionTest"/>
  <testcase name="Proposal_Submission" time="16.373" classname="com.qaprosoft.carina.demo.ProposalSubmissionTest"/>
  <testcase name="Proposal_Submission" time="0.759" classname="com.qaprosoft.carina.demo.ProposalSubmissionTest"/>
  <testcase name="Proposal_Submission" time="0.686" classname="com.qaprosoft.carina.demo.ProposalSubmissionTest"/>
  <testcase name="Proposal_Submission" time="7.803" classname="com.qaprosoft.carina.demo.ProposalSubmissionTest"/>
  <testcase name="Proposal_Submission" time="2.449" classname="com.qaprosoft.carina.demo.ProposalSubmissionTest"/>
  <testcase name="Proposal_Submission" time="36.632" classname="com.qaprosoft.carina.demo.ProposalSubmissionTest"/>
  <testcase name="Proposal_Submission" time="6.631" classname="com.qaprosoft.carina.demo.ProposalSubmissionTest"/>
  <testcase name="Proposal_Submission" time="66.718" classname="com.qaprosoft.carina.demo.ProposalSubmissionTest"/>
  <testcase name="Proposal_Submission" time="12.774" classname="com.qaprosoft.carina.demo.ProposalSubmissionTest"/>
  <testcase name="Proposal_Submission" time="4.987" classname="com.qaprosoft.carina.demo.ProposalSubmissionTest"/>
  <testcase name="Proposal_Submission" time="2.368" classname="com.qaprosoft.carina.demo.ProposalSubmissionTest"/>
  <testcase name="Proposal_Submission" time="71.169" classname="com.qaprosoft.carina.demo.ProposalSubmissionTest"/>
  <testcase name="Proposal_Submission" time="11.089" classname="com.qaprosoft.carina.demo.ProposalSubmissionTest"/>
  <testcase name="Proposal_Submission" time="72.168" classname="com.qaprosoft.carina.demo.ProposalSubmissionTest"/>
  <testcase name="Proposal_Submission" time="4.077" classname="com.qaprosoft.carina.demo.ProposalSubmissionTest"/>
  <testcase name="Proposal_Submission" time="28.366" classname="com.qaprosoft.carina.demo.ProposalSubmissionTest"/>
  <testcase name="Proposal_Submission" time="19.671" classname="com.qaprosoft.carina.demo.ProposalSubmissionTest"/>
  <testcase name="Proposal_Submission" time="3.249" classname="com.qaprosoft.carina.demo.ProposalSubmissionTest"/>
  <testcase name="Proposal_Submission" time="71.153" classname="com.qaprosoft.carina.demo.ProposalSubmissionTest"/>
  <testcase name="Proposal_Submission" time="4.029" classname="com.qaprosoft.carina.demo.ProposalSubmissionTest"/>
  <testcase name="Proposal_Submission" time="8.873" classname="com.qaprosoft.carina.demo.ProposalSubmissionTest"/>
  <testcase name="Proposal_Submission" time="5.395" classname="com.qaprosoft.carina.demo.ProposalSubmissionTest"/>
  <testcase name="Proposal_Submission" time="12.051" classname="com.qaprosoft.carina.demo.ProposalSubmissionTest"/>
  <testcase name="Proposal_Submission" time="76.134" classname="com.qaprosoft.carina.demo.ProposalSubmissionTest"/>
  <testcase name="Proposal_Submission" time="61.303" classname="com.qaprosoft.carina.demo.ProposalSubmissionTest"/>
  <testcase name="Proposal_Submission" time="0.805" classname="com.qaprosoft.carina.demo.ProposalSubmissionTest"/>
  <testcase name="Proposal_Submission" time="3.034" classname="com.qaprosoft.carina.demo.ProposalSubmissionTest"/>
  <testcase name="Proposal_Submission" time="18.632" classname="com.qaprosoft.carina.demo.ProposalSubmissionTest"/>
  <testcase name="Proposal_Submission" time="7.195" classname="com.qaprosoft.carina.demo.ProposalSubmissionTest"/>
  <testcase name="Proposal_Submission" time="65.330" classname="com.qaprosoft.carina.demo.ProposalSubmissionTest"/>
  <testcase name="Proposal_Submission" time="65.231" classname="com.qaprosoft.carina.demo.ProposalSubmissionTest"/>
  <testcase name="Proposal_Submission" time="15.751" classname="com.qaprosoft.carina.demo.ProposalSubmissionTest"/>
  <testcase name="Proposal_Submission" time="22.988" classname="com.qaprosoft.carina.demo.ProposalSubmissionTest"/>
  <testcase name="Proposal_Submission" time="0.388" classname="com.qaprosoft.carina.demo.ProposalSubmissionTest"/>
  <testcase name="Proposal_Submission" time="63.099" classname="com.qaprosoft.carina.demo.ProposalSubmissionTest"/>
  <testcase name="Proposal_Submission" time="3.486" classname="com.qaprosoft.carina.demo.ProposalSubmissionTest"/>
  <testcase name="Proposal_Submission" time="15.765" classname="com.qaprosoft.carina.demo.ProposalSubmissionTest"/>
  <testcase name="Proposal_Submission" time="64.010" classname="com.qaprosoft.carina.demo.ProposalSubmissionTest"/>
  <testcase name="Proposal_Submission" time="74.994" classname="com.qaprosoft.carina.demo.ProposalSubmissionTest"/>
  <testcase name="Proposal_Submission" time="8.621" classname="com.qaprosoft.carina.demo.ProposalSubmissionTest"/>
  <testcase name="Proposal_Submission" time="77.704" classname="com.qaprosoft.carina.demo.ProposalSubmissionTest"/>
  <testcase name="Proposal_Submission" time="3.764" classname="com.qaprosoft.carina.demo.ProposalSubmissionTest"/>
  <testcase name="Proposal_Submission" time="4.279" classname="com.qaprosoft.carina.demo.ProposalSubmissionTest"/>
  <testcase name="Proposal_Submission" time="31.927" classname="com.qaprosoft.carina.demo.ProposalSubmissionTest"/>
  <testcase name="Proposal_Submission" time="3.910" classname="com.qaprosoft.carina.demo.ProposalSubmissionTest"/>
  <testcase name="Proposal_Submission" time="36.652" classname="com.qaprosoft.carina.demo.ProposalSubmissionTest"/>
  <testcase name="Proposal_Submission" time="2.384" classname="com.qaprosoft.carina.demo.ProposalSubmissionTest"/>
  <testcase name="Proposal_Submission" time="6.925" classname="com.qaprosoft.carina.demo.ProposalSubmissionTest"/>
  <testcase name="Proposal_Submission" time="21.496" classname="com.qaprosoft.carina.demo.ProposalSubmissionTest"/>
  <testcase name="Proposal_Submission" time="19.943" classname="com.qaprosoft.carina.demo.ProposalSubmissionTest"/>
  <testcase name="Proposal_Submission" time="16.245" classname="com.qaprosoft.carina.demo.ProposalSubmissionTest"/>
  <testcase name="Proposal_Submission" time="2.736" classname="com.qaprosoft.carina.demo.ProposalSubmissionTest"/>
  <testcase name="Proposal_Submission" time="16.425" classname="com.qaprosoft.carina.demo.ProposalSubmissionTest"/>
  <testcase name="Proposal_Submission" time="22.092" classname="com.qaprosoft.carina.demo.ProposalSubmissionTest"/>
  <testcase name="Proposal_Submission" time="0.585" classname="com.qaprosoft.carina.demo.ProposalSubmissionTest"/>
  <testcase name="Proposal_Submission" time="66.177" classname="com.qaprosoft.carina.demo.ProposalSubmissionTest"/>
  <testcase name="Proposal_Submission" time="64.744" classname="com.qaprosoft.carina.demo.ProposalSubmissionTest"/>
  <testcase name="Proposal_Submission" time="4.332" classname="com.qaprosoft.carina.demo.ProposalSubmissionTest"/>
  <testcase name="Proposal_Submission" time="22.612" classname="com.qaprosoft.carina.demo.ProposalSubmissionTest"/>
  <testcase name="Proposal_Submission" time="78.877" classname="com.qaprosoft.carina.demo.ProposalSubmissionTest"/>
  <testcase name="Proposal_Submission" time="16.377" classname="com.qaprosoft.carina.demo.ProposalSubmissionTest"/>
  <testcase name="Proposal_Submission" time="4.364" classname="com.qaprosoft.carina.demo.ProposalSubmissionTest"/>
  <testcase name="Proposal_Submission" time="70.675" classname="com.qaprosoft.carina.demo.ProposalSubmissionTest"/>
  <testcase name="Proposal_Submission" time="9.280" classname="com.qaprosoft.carina.demo.ProposalSubmissionTest"/>
  <testcase name="Proposal_Submission" time="94.195" classname="com.qaprosoft.carina.demo.ProposalSubmissionTest"/>
  <testcase name="Proposal_Submission" time="31.935" classname="com.qaprosoft.carina.demo.ProposalSubmissionTest"/>
  <testcase name="Proposal_Submission" time="79.455" classname="com.qaprosoft.carina.demo.ProposalSubmissionTest"/>
  <testcase name="Proposal_Submission" time="25.475" classname="com.qaprosoft.carina.demo.ProposalSubmissionTest"/>
  <testcase name="Proposal_Submission" time="26.484" classname="com.qaprosoft.carina.demo.ProposalSubmissionTest"/>
  <testcase name="Proposal_Submission" time="4.786" classname="com.qaprosoft.carina.demo.ProposalSubmissionTest"/>
  <testcase name="Proposal_Submission" time="4.835" classname="com.qaprosoft.carina.demo.ProposalSubmissionTest"/>
  <testcase name="Proposal_Submission" time="25.248" classname="com.qaprosoft.carina.demo.ProposalSubmissionTest"/>
  <testcase name="Proposal_Submission" time="5.271" classname="com.qaprosoft.carina.demo.ProposalSubmissionTest"/>
  <testcase name="Proposal_Submission" time="20.769" classname="com.qaprosoft.carina.demo.ProposalSubmissionTest"/>
  <testcase name="Proposal_Submission" time="0.684" classname="com.qaprosoft.carina.demo.ProposalSubmissionTest"/>
  <testcase name="Proposal_Submission" time="66.294" classname="com.qaprosoft.carina.demo.ProposalSubmissionTest"/>
  <testcase name="Proposal_Submission" time="4.814" classname="com.qaprosoft.carina.demo.ProposalSubmissionTest"/>
  <testcase name="Proposal_Submission" time="62.707" classname="com.qaprosoft.carina.demo.ProposalSubmissionTest"/>
  <testcase name="Proposal_Submission" time="60.842" classname="com.qaprosoft.carina.demo.ProposalSubmissionTest"/>
  <testcase name="Proposal_Submission" time="48.513" classname="com.qaprosoft.carina.demo.ProposalSubmissionTest"/>
  <testcase name="Proposal_Submission" time="66.781" classname="com.qaprosoft.carina.demo.ProposalSubmissionTest"/>
  <testcase name="Proposal_Submission" time="1.640" classname="com.qaprosoft.carina.demo.ProposalSubmissionTest"/>
  <testcase name="Proposal_Submission" time="16.281" classname="com.qaprosoft.carina.demo.ProposalSubmissionTest"/>
  <testcase name="Proposal_Submission" time="22.856" classname="com.qaprosoft.carina.demo.ProposalSubmissionTest"/>
  <testcase name="Proposal_Submission" time="16.838" classname="com.qaprosoft.carina.demo.ProposalSubmissionTest"/>
</testsuite> <!-- com.qaprosoft.carina.demo.ProposalSubmissionTest -->
